2025-11-21 15:35:56,115 - INFO - Started server process [12232]
2025-11-21 15:35:56,116 - INFO - Waiting for application startup.
2025-11-21 15:35:56,116 - INFO - Application startup complete.
2025-11-21 15:35:59,246 - INFO - Shutting down
2025-11-21 15:35:59,353 - INFO - Waiting for application shutdown.
2025-11-21 15:35:59,354 - INFO - Application shutdown complete.
2025-11-21 15:35:59,354 - INFO - Finished server process [12232]
2025-11-21 15:36:00,675 - INFO - Started server process [14436]
2025-11-21 15:36:00,675 - INFO - Waiting for application startup.
2025-11-21 15:36:00,676 - INFO - Application startup complete.
2025-11-21 15:36:03,027 - INFO - Shutting down
2025-11-21 15:36:03,137 - INFO - Waiting for application shutdown.
2025-11-21 15:36:03,142 - INFO - Application shutdown complete.
2025-11-21 15:36:03,142 - INFO - Finished server process [14436]
2025-11-21 15:36:04,153 - INFO - Started server process [15588]
2025-11-21 15:36:04,154 - INFO - Waiting for application startup.
2025-11-21 15:36:04,154 - INFO - Application startup complete.
2025-11-21 15:36:26,565 - INFO - Shutting down
2025-11-21 15:36:26,674 - INFO - Waiting for application shutdown.
2025-11-21 15:36:26,674 - INFO - Application shutdown complete.
2025-11-21 15:36:26,674 - INFO - Finished server process [15588]
2025-11-21 15:36:27,678 - INFO - Started server process [16576]
2025-11-21 15:36:27,678 - INFO - Waiting for application startup.
2025-11-21 15:36:27,678 - INFO - Application startup complete.
2025-11-21 15:36:29,277 - INFO - Shutting down
2025-11-21 15:36:29,386 - INFO - Waiting for application shutdown.
2025-11-21 15:36:29,387 - INFO - Application shutdown complete.
2025-11-21 15:36:29,387 - INFO - Finished server process [16576]
2025-11-21 15:36:30,372 - INFO - Started server process [1080]
2025-11-21 15:36:30,372 - INFO - Waiting for application startup.
2025-11-21 15:36:30,373 - INFO - Application startup complete.
2025-11-21 15:36:30,454 - ERROR - Traceback (most recent call last):
  File "C:\Users\candidato\AppData\Local\Python\pythoncore-3.14-64\Lib\asyncio\runners.py", line 127, in run
    return self._loop.run_until_complete(task)
           ~~~~~~~~~~~~~~~~~~~~~~~~~~~~~^^^^^^
  File "C:\Users\candidato\AppData\Local\Python\pythoncore-3.14-64\Lib\asyncio\base_events.py", line 719, in run_until_complete
    return future.result()
           ~~~~~~~~~~~~~^^
asyncio.exceptions.CancelledError

During handling of the above exception, another exception occurred:

Traceback (most recent call last):
  File "C:\Users\candidato\AppData\Local\Python\pythoncore-3.14-64\Lib\asyncio\runners.py", line 204, in run
    return runner.run(main)
           ~~~~~~~~~~^^^^^^
  File "C:\Users\candidato\AppData\Local\Python\pythoncore-3.14-64\Lib\asyncio\runners.py", line 132, in run
    raise KeyboardInterrupt()
KeyboardInterrupt

During handling of the above exception, another exception occurred:

Traceback (most recent call last):
  File "C:\Users\candidato\Downloads\student_prompt_logger\.venv\Lib\site-packages\starlette\routing.py", line 701, in lifespan
    await receive()
  File "C:\Users\candidato\Downloads\student_prompt_logger\.venv\Lib\site-packages\uvicorn\lifespan\on.py", line 137, in receive
    return await self.receive_queue.get()
           ^^^^^^^^^^^^^^^^^^^^^^^^^^^^^^
  File "C:\Users\candidato\AppData\Local\Python\pythoncore-3.14-64\Lib\asyncio\queues.py", line 186, in get
    await getter
asyncio.exceptions.CancelledError

2025-11-21 15:36:31,428 - INFO - Started server process [11500]
2025-11-21 15:36:31,428 - INFO - Waiting for application startup.
2025-11-21 15:36:31,429 - INFO - Application startup complete.
2025-11-21 15:36:42,222 - INFO - Shutting down
2025-11-21 15:36:42,331 - INFO - Waiting for application shutdown.
2025-11-21 15:36:42,332 - INFO - Application shutdown complete.
2025-11-21 15:36:42,332 - INFO - Finished server process [11500]
2025-11-21 15:36:58,004 - INFO - Started server process [17976]
2025-11-21 15:36:58,004 - INFO - Waiting for application startup.
2025-11-21 15:36:58,004 - INFO - Application startup complete.
2025-11-21 15:37:01,452 - INFO - Shutting down
2025-11-21 15:37:01,562 - INFO - Waiting for application shutdown.
2025-11-21 15:37:01,563 - INFO - Application shutdown complete.
2025-11-21 15:37:01,563 - INFO - Finished server process [17976]
2025-11-21 15:37:02,647 - INFO - Started server process [9364]
2025-11-21 15:37:02,647 - INFO - Waiting for application startup.
2025-11-21 15:37:02,648 - INFO - Application startup complete.
2025-11-21 15:37:03,148 - INFO - Shutting down
2025-11-21 15:37:03,257 - INFO - Waiting for application shutdown.
2025-11-21 15:37:03,258 - INFO - Application shutdown complete.
2025-11-21 15:37:03,258 - INFO - Finished server process [9364]
2025-11-21 15:37:04,359 - INFO - Started server process [16504]
2025-11-21 15:37:04,359 - INFO - Waiting for application startup.
2025-11-21 15:37:04,359 - INFO - Application startup complete.
2025-11-21 15:37:04,855 - INFO - Shutting down
2025-11-21 15:37:04,964 - INFO - Waiting for application shutdown.
2025-11-21 15:37:04,964 - INFO - Application shutdown complete.
2025-11-21 15:37:04,964 - INFO - Finished server process [16504]
2025-11-21 15:37:05,934 - INFO - Started server process [6236]
2025-11-21 15:37:05,934 - INFO - Waiting for application startup.
2025-11-21 15:37:05,935 - INFO - Application startup complete.
2025-11-21 15:37:59,205 - INFO - Shutting down
2025-11-21 15:37:59,314 - INFO - Waiting for application shutdown.
2025-11-21 15:37:59,315 - INFO - Application shutdown complete.
2025-11-21 15:37:59,315 - INFO - Finished server process [6236]
2025-11-21 15:38:00,336 - INFO - Started server process [15160]
2025-11-21 15:38:00,336 - INFO - Waiting for application startup.
2025-11-21 15:38:00,336 - INFO - Application startup complete.
2025-11-21 15:38:00,957 - INFO - Shutting down
2025-11-21 15:38:01,067 - INFO - Waiting for application shutdown.
2025-11-21 15:38:01,067 - INFO - Application shutdown complete.
2025-11-21 15:38:01,067 - INFO - Finished server process [15160]
2025-11-21 15:38:02,002 - INFO - Started server process [12668]
2025-11-21 15:38:02,002 - INFO - Waiting for application startup.
2025-11-21 15:38:02,003 - INFO - Application startup complete.
2025-11-21 15:38:08,523 - INFO - Shutting down
2025-11-21 15:38:08,632 - INFO - Waiting for application shutdown.
2025-11-21 15:38:08,632 - INFO - Application shutdown complete.
2025-11-21 15:38:08,632 - INFO - Finished server process [12668]
2025-11-21 15:38:09,707 - INFO - Started server process [16328]
2025-11-21 15:38:09,708 - INFO - Waiting for application startup.
2025-11-21 15:38:09,708 - INFO - Application startup complete.
2025-11-21 15:38:18,930 - INFO - Shutting down
2025-11-21 15:38:19,039 - INFO - Waiting for application shutdown.
2025-11-21 15:38:19,039 - INFO - Application shutdown complete.
2025-11-21 15:38:19,039 - INFO - Finished server process [16328]
2025-11-21 15:38:20,300 - INFO - Started server process [16380]
2025-11-21 15:38:20,300 - INFO - Waiting for application startup.
2025-11-21 15:38:20,300 - INFO - Application startup complete.
2025-11-21 15:38:28,803 - INFO - Shutting down
2025-11-21 15:38:28,913 - INFO - Waiting for application shutdown.
2025-11-21 15:38:28,913 - INFO - Application shutdown complete.
2025-11-21 15:38:28,913 - INFO - Finished server process [16380]
2025-11-21 15:38:29,903 - INFO - Started server process [2412]
2025-11-21 15:38:29,903 - INFO - Waiting for application startup.
2025-11-21 15:38:29,903 - INFO - Application startup complete.
2025-11-21 15:39:59,367 - INFO - 127.0.0.1:58250 - "GET /history HTTP/1.1" 200
2025-11-21 15:40:25,870 - INFO - 127.0.0.1:58251 - "GET /history HTTP/1.1" 200
2025-11-21 15:40:29,636 - INFO - 127.0.0.1:58251 - "GET /history HTTP/1.1" 200
2025-11-21 15:40:42,428 - INFO - Shutting down
2025-11-21 15:40:42,537 - INFO - Waiting for application shutdown.
2025-11-21 15:40:42,537 - INFO - Application shutdown complete.
2025-11-21 15:40:42,537 - INFO - Finished server process [2412]
2025-11-21 15:40:43,566 - INFO - Started server process [17896]
2025-11-21 15:40:43,566 - INFO - Waiting for application startup.
2025-11-21 15:40:43,566 - INFO - Application startup complete.
2025-11-21 15:40:50,328 - INFO - Shutting down
2025-11-21 15:40:50,436 - INFO - Waiting for application shutdown.
2025-11-21 15:40:50,436 - INFO - Application shutdown complete.
2025-11-21 15:40:50,437 - INFO - Finished server process [17896]
2025-11-21 15:40:51,594 - INFO - Started server process [5460]
2025-11-21 15:40:51,594 - INFO - Waiting for application startup.
2025-11-21 15:40:51,594 - INFO - Application startup complete.
2025-11-21 15:40:52,088 - INFO - Shutting down
2025-11-21 15:40:52,198 - INFO - Waiting for application shutdown.
2025-11-21 15:40:52,199 - INFO - Application shutdown complete.
2025-11-21 15:40:52,199 - INFO - Finished server process [5460]
2025-11-21 15:40:55,717 - INFO - Started server process [7448]
2025-11-21 15:40:55,718 - INFO - Waiting for application startup.
2025-11-21 15:40:55,719 - INFO - Application startup complete.
2025-11-21 15:41:02,384 - INFO - Shutting down
2025-11-21 15:41:02,493 - INFO - Waiting for application shutdown.
2025-11-21 15:41:02,493 - INFO - Application shutdown complete.
2025-11-21 15:41:02,493 - INFO - Finished server process [7448]
2025-11-21 15:41:03,529 - INFO - Started server process [16636]
2025-11-21 15:41:03,530 - INFO - Waiting for application startup.
2025-11-21 15:41:03,530 - INFO - Application startup complete.
2025-11-21 15:41:08,487 - INFO - 127.0.0.1:58281 - "GET /history HTTP/1.1" 200
2025-11-21 15:42:13,129 - INFO - Shutting down
2025-11-21 15:42:13,238 - INFO - Waiting for application shutdown.
2025-11-21 15:42:13,238 - INFO - Application shutdown complete.
2025-11-21 15:42:13,238 - INFO - Finished server process [16636]
2025-11-21 15:42:14,221 - INFO - Started server process [9572]
2025-11-21 15:42:14,221 - INFO - Waiting for application startup.
2025-11-21 15:42:14,221 - INFO - Application startup complete.
2025-11-21 15:42:19,921 - INFO - 127.0.0.1:58324 - "GET /history HTTP/1.1" 200
2025-11-21 15:42:34,059 - INFO - Shutting down
2025-11-21 15:42:34,169 - INFO - Waiting for application shutdown.
2025-11-21 15:42:34,169 - INFO - Application shutdown complete.
2025-11-21 15:42:34,169 - INFO - Finished server process [9572]
2025-11-21 15:42:35,128 - INFO - Started server process [2120]
2025-11-21 15:42:35,128 - INFO - Waiting for application startup.
2025-11-21 15:42:35,129 - INFO - Application startup complete.
2025-11-21 15:42:37,397 - INFO - Shutting down
2025-11-21 15:42:37,507 - INFO - Waiting for application shutdown.
2025-11-21 15:42:37,507 - INFO - Application shutdown complete.
2025-11-21 15:42:37,508 - INFO - Finished server process [2120]
2025-11-21 15:42:38,588 - INFO - Started server process [8020]
2025-11-21 15:42:38,589 - INFO - Waiting for application startup.
2025-11-21 15:42:38,589 - INFO - Application startup complete.
2025-11-21 15:42:40,741 - INFO - 127.0.0.1:58348 - "GET /history HTTP/1.1" 200
2025-11-21 15:42:52,369 - INFO - Shutting down
2025-11-21 15:42:52,478 - INFO - Waiting for application shutdown.
2025-11-21 15:42:52,479 - INFO - Application shutdown complete.
2025-11-21 15:42:52,479 - INFO - Finished server process [8020]
2025-11-21 15:42:53,614 - INFO - Started server process [1692]
2025-11-21 15:42:53,615 - INFO - Waiting for application startup.
2025-11-21 15:42:53,615 - INFO - Application startup complete.
2025-11-21 15:42:54,234 - INFO - Shutting down
2025-11-21 15:42:54,345 - INFO - Waiting for application shutdown.
2025-11-21 15:42:54,346 - INFO - Application shutdown complete.
2025-11-21 15:42:54,346 - INFO - Finished server process [1692]
2025-11-21 15:42:55,592 - INFO - Started server process [1504]
2025-11-21 15:42:55,592 - INFO - Waiting for application startup.
2025-11-21 15:42:55,593 - INFO - Application startup complete.
2025-11-21 15:42:59,291 - INFO - 127.0.0.1:58359 - "GET /history HTTP/1.1" 200
2025-11-21 15:43:09,013 - INFO - Shutting down
2025-11-21 15:43:09,124 - INFO - Waiting for application shutdown.
2025-11-21 15:43:09,125 - INFO - Application shutdown complete.
2025-11-21 15:43:09,125 - INFO - Finished server process [1504]
2025-11-21 15:43:10,138 - INFO - Started server process [18824]
2025-11-21 15:43:10,139 - INFO - Waiting for application startup.
2025-11-21 15:43:10,139 - INFO - Application startup complete.
2025-11-21 15:43:11,292 - INFO - Shutting down
2025-11-21 15:43:11,401 - INFO - Waiting for application shutdown.
2025-11-21 15:43:11,401 - INFO - Application shutdown complete.
2025-11-21 15:43:11,401 - INFO - Finished server process [18824]
2025-11-21 15:43:12,278 - INFO - Started server process [12772]
2025-11-21 15:43:12,279 - INFO - Waiting for application startup.
2025-11-21 15:43:12,279 - INFO - Application startup complete.
2025-11-21 15:43:44,319 - INFO - Shutting down
2025-11-21 15:43:44,428 - INFO - Waiting for application shutdown.
2025-11-21 15:43:44,429 - INFO - Application shutdown complete.
2025-11-21 15:43:44,430 - INFO - Finished server process [12772]
2025-11-21 15:43:45,393 - INFO - Started server process [4240]
2025-11-21 15:43:45,393 - INFO - Waiting for application startup.
2025-11-21 15:43:45,394 - INFO - Application startup complete.
2025-11-21 15:43:46,985 - INFO - Shutting down
2025-11-21 15:43:47,095 - INFO - Waiting for application shutdown.
2025-11-21 15:43:47,095 - INFO - Application shutdown complete.
2025-11-21 15:43:47,095 - INFO - Finished server process [4240]
2025-11-21 15:43:48,272 - INFO - Started server process [15300]
2025-11-21 15:43:48,272 - INFO - Waiting for application startup.
2025-11-21 15:43:48,272 - INFO - Application startup complete.
2025-11-21 15:43:52,657 - INFO - 127.0.0.1:58399 - "GET /history HTTP/1.1" 200
2025-11-21 15:43:58,633 - INFO - Shutting down
2025-11-21 15:43:58,743 - INFO - Waiting for application shutdown.
2025-11-21 15:43:58,744 - INFO - Application shutdown complete.
2025-11-21 15:43:58,744 - INFO - Finished server process [15300]
2025-11-21 15:43:59,980 - INFO - Started server process [11016]
2025-11-21 15:43:59,980 - INFO - Waiting for application startup.
2025-11-21 15:43:59,981 - INFO - Application startup complete.
2025-11-21 15:44:00,035 - ERROR - Traceback (most recent call last):
  File "C:\Users\candidato\AppData\Local\Python\pythoncore-3.14-64\Lib\asyncio\runners.py", line 127, in run
    return self._loop.run_until_complete(task)
           ~~~~~~~~~~~~~~~~~~~~~~~~~~~~~^^^^^^
  File "C:\Users\candidato\AppData\Local\Python\pythoncore-3.14-64\Lib\asyncio\base_events.py", line 719, in run_until_complete
    return future.result()
           ~~~~~~~~~~~~~^^
asyncio.exceptions.CancelledError

During handling of the above exception, another exception occurred:

Traceback (most recent call last):
  File "C:\Users\candidato\AppData\Local\Python\pythoncore-3.14-64\Lib\asyncio\runners.py", line 204, in run
    return runner.run(main)
           ~~~~~~~~~~^^^^^^
  File "C:\Users\candidato\AppData\Local\Python\pythoncore-3.14-64\Lib\asyncio\runners.py", line 132, in run
    raise KeyboardInterrupt()
KeyboardInterrupt

During handling of the above exception, another exception occurred:

Traceback (most recent call last):
  File "C:\Users\candidato\Downloads\student_prompt_logger\.venv\Lib\site-packages\starlette\routing.py", line 701, in lifespan
    await receive()
  File "C:\Users\candidato\Downloads\student_prompt_logger\.venv\Lib\site-packages\uvicorn\lifespan\on.py", line 137, in receive
    return await self.receive_queue.get()
           ^^^^^^^^^^^^^^^^^^^^^^^^^^^^^^
  File "C:\Users\candidato\AppData\Local\Python\pythoncore-3.14-64\Lib\asyncio\queues.py", line 186, in get
    await getter
asyncio.exceptions.CancelledError

2025-11-21 15:44:01,189 - INFO - Started server process [9376]
2025-11-21 15:44:01,189 - INFO - Waiting for application startup.
2025-11-21 15:44:01,189 - INFO - Application startup complete.
2025-11-21 15:44:01,672 - INFO - Shutting down
2025-11-21 15:44:01,782 - INFO - Waiting for application shutdown.
2025-11-21 15:44:01,784 - INFO - Application shutdown complete.
2025-11-21 15:44:01,784 - INFO - Finished server process [9376]
2025-11-21 15:44:02,918 - INFO - Started server process [17112]
2025-11-21 15:44:02,919 - INFO - Waiting for application startup.
2025-11-21 15:44:02,919 - INFO - Application startup complete.
2025-11-21 15:44:03,400 - INFO - Shutting down
2025-11-21 15:44:03,510 - INFO - Waiting for application shutdown.
2025-11-21 15:44:03,514 - INFO - Application shutdown complete.
2025-11-21 15:44:03,518 - INFO - Finished server process [17112]
2025-11-21 15:44:04,993 - INFO - Started server process [7744]
2025-11-21 15:44:04,993 - INFO - Waiting for application startup.
2025-11-21 15:44:04,994 - INFO - Application startup complete.
2025-11-21 15:44:06,466 - INFO - 127.0.0.1:58415 - "GET /history HTTP/1.1" 200
2025-11-21 15:44:19,728 - INFO - Shutting down
2025-11-21 15:44:19,837 - INFO - Waiting for application shutdown.
2025-11-21 15:44:19,838 - INFO - Application shutdown complete.
2025-11-21 15:44:19,838 - INFO - Finished server process [7744]
2025-11-21 15:44:20,839 - INFO - Started server process [17316]
2025-11-21 15:44:20,839 - INFO - Waiting for application startup.
2025-11-21 15:44:20,840 - INFO - Application startup complete.
2025-11-21 15:44:22,435 - INFO - Shutting down
2025-11-21 15:44:22,543 - INFO - Waiting for application shutdown.
2025-11-21 15:44:22,543 - INFO - Application shutdown complete.
2025-11-21 15:44:22,544 - INFO - Finished server process [17316]
2025-11-21 15:44:23,426 - INFO - Started server process [7500]
2025-11-21 15:44:23,426 - INFO - Waiting for application startup.
2025-11-21 15:44:23,427 - INFO - Application startup complete.
2025-11-21 15:44:25,561 - INFO - Shutting down
2025-11-21 15:44:25,671 - INFO - Waiting for application shutdown.
2025-11-21 15:44:25,671 - INFO - Application shutdown complete.
2025-11-21 15:44:25,672 - INFO - Finished server process [7500]
2025-11-21 15:44:28,977 - INFO - Started server process [16820]
2025-11-21 15:44:28,979 - INFO - Waiting for application startup.
2025-11-21 15:44:28,981 - INFO - Application startup complete.
2025-11-21 15:44:32,618 - INFO - 127.0.0.1:58438 - "GET /history HTTP/1.1" 200
2025-11-21 15:45:07,719 - INFO - Shutting down
2025-11-21 15:45:07,831 - INFO - Waiting for application shutdown.
2025-11-21 15:45:07,832 - INFO - Application shutdown complete.
2025-11-21 15:45:07,832 - INFO - Finished server process [16820]
2025-11-21 15:45:08,701 - INFO - Started server process [15124]
2025-11-21 15:45:08,701 - INFO - Waiting for application startup.
2025-11-21 15:45:08,702 - INFO - Application startup complete.
2025-11-21 15:45:11,943 - INFO - 127.0.0.1:58456 - "GET /history HTTP/1.1" 200
2025-11-21 15:45:41,402 - INFO - Shutting down
2025-11-21 15:45:41,509 - INFO - Waiting for application shutdown.
2025-11-21 15:45:41,510 - INFO - Application shutdown complete.
2025-11-21 15:45:41,510 - INFO - Finished server process [15124]
2025-11-21 15:45:42,642 - INFO - Started server process [7152]
2025-11-21 15:45:42,643 - INFO - Waiting for application startup.
2025-11-21 15:45:42,643 - INFO - Application startup complete.
2025-11-21 15:45:43,133 - INFO - Shutting down
2025-11-21 15:45:43,244 - INFO - Waiting for application shutdown.
2025-11-21 15:45:43,244 - INFO - Application shutdown complete.
2025-11-21 15:45:43,245 - INFO - Finished server process [7152]
2025-11-21 15:45:44,513 - INFO - Started server process [2288]
2025-11-21 15:45:44,513 - INFO - Waiting for application startup.
2025-11-21 15:45:44,513 - INFO - Application startup complete.
2025-11-21 15:45:44,887 - INFO - Shutting down
2025-11-21 15:45:44,997 - INFO - Waiting for application shutdown.
2025-11-21 15:45:44,997 - INFO - Application shutdown complete.
2025-11-21 15:45:44,998 - INFO - Finished server process [2288]
2025-11-21 15:45:46,157 - INFO - Started server process [9120]
2025-11-21 15:45:46,157 - INFO - Waiting for application startup.
2025-11-21 15:45:46,157 - INFO - Application startup complete.
2025-11-21 15:45:47,640 - INFO - Shutting down
2025-11-21 15:45:47,749 - INFO - Waiting for application shutdown.
2025-11-21 15:45:47,750 - INFO - Application shutdown complete.
2025-11-21 15:45:47,750 - INFO - Finished server process [9120]
2025-11-21 15:45:48,790 - INFO - Started server process [2680]
2025-11-21 15:45:48,791 - INFO - Waiting for application startup.
2025-11-21 15:45:48,791 - INFO - Application startup complete.
2025-11-21 15:45:49,844 - INFO - Shutting down
2025-11-21 15:45:49,956 - INFO - Waiting for application shutdown.
2025-11-21 15:45:49,956 - INFO - Application shutdown complete.
2025-11-21 15:45:49,956 - INFO - Finished server process [2680]
2025-11-21 15:45:51,051 - INFO - Started server process [12892]
2025-11-21 15:45:51,053 - INFO - Waiting for application startup.
2025-11-21 15:45:51,054 - INFO - Application startup complete.
2025-11-21 15:45:51,119 - ERROR - Traceback (most recent call last):
  File "C:\Users\candidato\AppData\Local\Python\pythoncore-3.14-64\Lib\asyncio\runners.py", line 127, in run
    return self._loop.run_until_complete(task)
           ~~~~~~~~~~~~~~~~~~~~~~~~~~~~~^^^^^^
  File "C:\Users\candidato\AppData\Local\Python\pythoncore-3.14-64\Lib\asyncio\base_events.py", line 719, in run_until_complete
    return future.result()
           ~~~~~~~~~~~~~^^
asyncio.exceptions.CancelledError

During handling of the above exception, another exception occurred:

Traceback (most recent call last):
  File "C:\Users\candidato\AppData\Local\Python\pythoncore-3.14-64\Lib\asyncio\runners.py", line 204, in run
    return runner.run(main)
           ~~~~~~~~~~^^^^^^
  File "C:\Users\candidato\AppData\Local\Python\pythoncore-3.14-64\Lib\asyncio\runners.py", line 132, in run
    raise KeyboardInterrupt()
KeyboardInterrupt

During handling of the above exception, another exception occurred:

Traceback (most recent call last):
  File "C:\Users\candidato\Downloads\student_prompt_logger\.venv\Lib\site-packages\starlette\routing.py", line 701, in lifespan
    await receive()
  File "C:\Users\candidato\Downloads\student_prompt_logger\.venv\Lib\site-packages\uvicorn\lifespan\on.py", line 137, in receive
    return await self.receive_queue.get()
           ^^^^^^^^^^^^^^^^^^^^^^^^^^^^^^
  File "C:\Users\candidato\AppData\Local\Python\pythoncore-3.14-64\Lib\asyncio\queues.py", line 186, in get
    await getter
asyncio.exceptions.CancelledError

2025-11-21 15:45:52,352 - INFO - Started server process [4552]
2025-11-21 15:45:52,352 - INFO - Waiting for application startup.
2025-11-21 15:45:52,352 - INFO - Application startup complete.
2025-11-21 15:45:54,923 - INFO - Shutting down
2025-11-21 15:45:55,033 - INFO - Waiting for application shutdown.
2025-11-21 15:45:55,034 - INFO - Application shutdown complete.
2025-11-21 15:45:55,034 - INFO - Finished server process [4552]
2025-11-21 15:45:56,013 - INFO - Started server process [11344]
2025-11-21 15:45:56,013 - INFO - Waiting for application startup.
2025-11-21 15:45:56,014 - INFO - Application startup complete.
2025-11-21 15:46:00,020 - INFO - Shutting down
2025-11-21 15:46:00,130 - INFO - Waiting for application shutdown.
2025-11-21 15:46:00,130 - INFO - Application shutdown complete.
2025-11-21 15:46:00,131 - INFO - Finished server process [11344]
2025-11-21 15:46:01,229 - INFO - Started server process [5984]
2025-11-21 15:46:01,229 - INFO - Waiting for application startup.
2025-11-21 15:46:01,229 - INFO - Application startup complete.
2025-11-21 15:46:01,725 - INFO - Shutting down
2025-11-21 15:46:01,836 - INFO - Waiting for application shutdown.
2025-11-21 15:46:01,837 - INFO - Application shutdown complete.
2025-11-21 15:46:01,837 - INFO - Finished server process [5984]
2025-11-21 15:46:03,434 - INFO - Started server process [8784]
2025-11-21 15:46:03,434 - INFO - Waiting for application startup.
2025-11-21 15:46:03,434 - INFO - Application startup complete.
2025-11-21 15:46:06,824 - INFO - 127.0.0.1:58512 - "GET /history HTTP/1.1" 200
2025-11-21 15:46:41,983 - INFO - Shutting down
2025-11-21 15:46:42,092 - INFO - Waiting for application shutdown.
2025-11-21 15:46:42,093 - INFO - Application shutdown complete.
2025-11-21 15:46:42,093 - INFO - Finished server process [8784]
2025-11-21 15:46:43,193 - INFO - Started server process [4820]
2025-11-21 15:46:43,193 - INFO - Waiting for application startup.
2025-11-21 15:46:43,193 - INFO - Application startup complete.
2025-11-21 15:46:43,260 - ERROR - Traceback (most recent call last):
  File "C:\Users\candidato\AppData\Local\Python\pythoncore-3.14-64\Lib\asyncio\runners.py", line 127, in run
    return self._loop.run_until_complete(task)
           ~~~~~~~~~~~~~~~~~~~~~~~~~~~~~^^^^^^
  File "C:\Users\candidato\AppData\Local\Python\pythoncore-3.14-64\Lib\asyncio\base_events.py", line 719, in run_until_complete
    return future.result()
           ~~~~~~~~~~~~~^^
asyncio.exceptions.CancelledError

During handling of the above exception, another exception occurred:

Traceback (most recent call last):
  File "C:\Users\candidato\AppData\Local\Python\pythoncore-3.14-64\Lib\asyncio\runners.py", line 204, in run
    return runner.run(main)
           ~~~~~~~~~~^^^^^^
  File "C:\Users\candidato\AppData\Local\Python\pythoncore-3.14-64\Lib\asyncio\runners.py", line 132, in run
    raise KeyboardInterrupt()
KeyboardInterrupt

During handling of the above exception, another exception occurred:

Traceback (most recent call last):
  File "C:\Users\candidato\Downloads\student_prompt_logger\.venv\Lib\site-packages\starlette\routing.py", line 701, in lifespan
    await receive()
  File "C:\Users\candidato\Downloads\student_prompt_logger\.venv\Lib\site-packages\uvicorn\lifespan\on.py", line 137, in receive
    return await self.receive_queue.get()
           ^^^^^^^^^^^^^^^^^^^^^^^^^^^^^^
  File "C:\Users\candidato\AppData\Local\Python\pythoncore-3.14-64\Lib\asyncio\queues.py", line 186, in get
    await getter
asyncio.exceptions.CancelledError

2025-11-21 15:46:44,514 - INFO - Started server process [16036]
2025-11-21 15:46:44,514 - INFO - Waiting for application startup.
2025-11-21 15:46:44,515 - INFO - Application startup complete.
2025-11-21 15:46:44,887 - INFO - Shutting down
2025-11-21 15:46:44,998 - INFO - Waiting for application shutdown.
2025-11-21 15:46:44,998 - INFO - Application shutdown complete.
2025-11-21 15:46:44,998 - INFO - Finished server process [16036]
2025-11-21 15:46:48,948 - INFO - Started server process [3716]
2025-11-21 15:46:48,948 - INFO - Waiting for application startup.
2025-11-21 15:46:48,949 - INFO - Application startup complete.
2025-11-21 15:46:50,096 - INFO - 127.0.0.1:58533 - "GET /history HTTP/1.1" 200
2025-11-21 15:47:12,618 - INFO - Shutting down
2025-11-21 15:47:12,727 - INFO - Waiting for application shutdown.
2025-11-21 15:47:12,728 - INFO - Application shutdown complete.
2025-11-21 15:47:12,728 - INFO - Finished server process [3716]
2025-11-21 15:47:13,717 - INFO - Started server process [3804]
2025-11-21 15:47:13,717 - INFO - Waiting for application startup.
2025-11-21 15:47:13,717 - INFO - Application startup complete.
2025-11-21 15:47:14,202 - INFO - Shutting down
2025-11-21 15:47:14,312 - INFO - Waiting for application shutdown.
2025-11-21 15:47:14,313 - INFO - Application shutdown complete.
2025-11-21 15:47:14,313 - INFO - Finished server process [3804]
2025-11-21 15:47:15,266 - INFO - Started server process [10344]
2025-11-21 15:47:15,266 - INFO - Waiting for application startup.
2025-11-21 15:47:15,266 - INFO - Application startup complete.
2025-11-21 15:47:15,421 - INFO - Shutting down
2025-11-21 15:47:15,530 - INFO - Waiting for application shutdown.
2025-11-21 15:47:15,531 - INFO - Application shutdown complete.
2025-11-21 15:47:15,531 - INFO - Finished server process [10344]
2025-11-21 15:47:17,827 - INFO - Started server process [10712]
2025-11-21 15:47:17,827 - INFO - Waiting for application startup.
2025-11-21 15:47:17,827 - INFO - Application startup complete.
2025-11-21 15:47:19,419 - INFO - Shutting down
2025-11-21 15:47:19,529 - INFO - Waiting for application shutdown.
2025-11-21 15:47:19,529 - INFO - Application shutdown complete.
2025-11-21 15:47:19,530 - INFO - Finished server process [10712]
2025-11-21 15:47:20,464 - INFO - Started server process [6704]
2025-11-21 15:47:20,469 - INFO - Waiting for application startup.
2025-11-21 15:47:20,472 - INFO - Application startup complete.
2025-11-21 15:47:23,081 - INFO - 127.0.0.1:58570 - "GET /history HTTP/1.1" 200
2025-11-21 15:50:27,985 - INFO - Shutting down
2025-11-21 15:50:28,095 - INFO - Waiting for application shutdown.
2025-11-21 15:50:28,096 - INFO - Application shutdown complete.
2025-11-21 15:50:28,096 - INFO - Finished server process [6704]
2025-11-21 15:50:35,653 - INFO - Started server process [15688]
2025-11-21 15:50:35,653 - INFO - Waiting for application startup.
2025-11-21 15:50:35,653 - INFO - Application startup complete.
2025-11-21 15:50:48,014 - INFO - Shutting down
2025-11-21 15:50:48,124 - INFO - Waiting for application shutdown.
2025-11-21 15:50:48,124 - INFO - Application shutdown complete.
2025-11-21 15:50:48,124 - INFO - Finished server process [15688]
2025-11-21 15:50:49,135 - INFO - Started server process [16460]
2025-11-21 15:50:49,135 - INFO - Waiting for application startup.
2025-11-21 15:50:49,135 - INFO - Application startup complete.
2025-11-21 15:50:51,300 - INFO - Shutting down
2025-11-21 15:50:51,412 - INFO - Waiting for application shutdown.
2025-11-21 15:50:51,413 - INFO - Application shutdown complete.
2025-11-21 15:50:51,413 - INFO - Finished server process [16460]
2025-11-21 15:50:55,451 - INFO - Started server process [1560]
2025-11-21 15:50:55,452 - INFO - Waiting for application startup.
2025-11-21 15:50:55,452 - INFO - Application startup complete.
2025-11-21 15:50:59,100 - INFO - Shutting down
2025-11-21 15:50:59,208 - INFO - Waiting for application shutdown.
2025-11-21 15:50:59,209 - INFO - Application shutdown complete.
2025-11-21 15:50:59,209 - INFO - Finished server process [1560]
2025-11-21 15:51:00,207 - INFO - Started server process [6008]
2025-11-21 15:51:00,207 - INFO - Waiting for application startup.
2025-11-21 15:51:00,208 - INFO - Application startup complete.
2025-11-21 15:51:00,698 - INFO - Shutting down
2025-11-21 15:51:00,810 - INFO - Waiting for application shutdown.
2025-11-21 15:51:00,810 - INFO - Application shutdown complete.
2025-11-21 15:51:00,810 - INFO - Finished server process [6008]
2025-11-21 15:51:02,820 - INFO - Started server process [8668]
2025-11-21 15:51:02,820 - INFO - Waiting for application startup.
2025-11-21 15:51:02,820 - INFO - Application startup complete.
2025-11-21 15:51:03,311 - INFO - Shutting down
2025-11-21 15:51:03,419 - INFO - Waiting for application shutdown.
2025-11-21 15:51:03,419 - INFO - Application shutdown complete.
2025-11-21 15:51:03,419 - INFO - Finished server process [8668]
2025-11-21 15:51:04,373 - INFO - Started server process [10216]
2025-11-21 15:51:04,373 - INFO - Waiting for application startup.
2025-11-21 15:51:04,374 - INFO - Application startup complete.
2025-11-21 15:51:12,637 - INFO - Shutting down
2025-11-21 15:51:12,747 - INFO - Waiting for application shutdown.
2025-11-21 15:51:12,747 - INFO - Application shutdown complete.
2025-11-21 15:51:12,747 - INFO - Finished server process [10216]
2025-11-21 15:51:13,618 - INFO - Started server process [13660]
2025-11-21 15:51:13,618 - INFO - Waiting for application startup.
2025-11-21 15:51:13,619 - INFO - Application startup complete.
2025-11-21 15:51:21,508 - INFO - 127.0.0.1:58666 - "GET /history HTTP/1.1" 200
2025-11-21 15:51:30,386 - INFO - Shutting down
2025-11-21 15:51:30,495 - INFO - Waiting for application shutdown.
2025-11-21 15:51:30,495 - INFO - Application shutdown complete.
2025-11-21 15:51:30,495 - INFO - Finished server process [13660]
2025-11-21 15:51:33,656 - INFO - Started server process [16284]
2025-11-21 15:51:33,657 - INFO - Waiting for application startup.
2025-11-21 15:51:33,657 - INFO - Application startup complete.
2025-11-21 15:52:02,894 - INFO - Shutting down
2025-11-21 15:52:03,005 - INFO - Waiting for application shutdown.
2025-11-21 15:52:03,006 - INFO - Application shutdown complete.
2025-11-21 15:52:03,006 - INFO - Finished server process [16284]
2025-11-21 15:52:06,846 - INFO - Started server process [6128]
2025-11-21 15:52:06,846 - INFO - Waiting for application startup.
2025-11-21 15:52:06,846 - INFO - Application startup complete.
2025-11-21 15:52:14,581 - INFO - Shutting down
2025-11-21 15:52:14,690 - INFO - Waiting for application shutdown.
2025-11-21 15:52:14,691 - INFO - Application shutdown complete.
2025-11-21 15:52:14,691 - INFO - Finished server process [6128]
2025-11-21 15:52:15,627 - INFO - Started server process [16404]
2025-11-21 15:52:15,627 - INFO - Waiting for application startup.
2025-11-21 15:52:15,628 - INFO - Application startup complete.
2025-11-21 15:52:16,765 - INFO - Shutting down
2025-11-21 15:52:16,873 - INFO - Waiting for application shutdown.
2025-11-21 15:52:16,874 - INFO - Application shutdown complete.
2025-11-21 15:52:16,874 - INFO - Finished server process [16404]
2025-11-21 15:52:17,820 - INFO - Started server process [17180]
2025-11-21 15:52:17,820 - INFO - Waiting for application startup.
2025-11-21 15:52:17,821 - INFO - Application startup complete.
2025-11-21 15:52:17,888 - ERROR - Traceback (most recent call last):
  File "C:\Users\candidato\AppData\Local\Python\pythoncore-3.14-64\Lib\asyncio\runners.py", line 127, in run
    return self._loop.run_until_complete(task)
           ~~~~~~~~~~~~~~~~~~~~~~~~~~~~~^^^^^^
  File "C:\Users\candidato\AppData\Local\Python\pythoncore-3.14-64\Lib\asyncio\base_events.py", line 719, in run_until_complete
    return future.result()
           ~~~~~~~~~~~~~^^
asyncio.exceptions.CancelledError

During handling of the above exception, another exception occurred:

Traceback (most recent call last):
  File "C:\Users\candidato\AppData\Local\Python\pythoncore-3.14-64\Lib\asyncio\runners.py", line 204, in run
    return runner.run(main)
           ~~~~~~~~~~^^^^^^
  File "C:\Users\candidato\AppData\Local\Python\pythoncore-3.14-64\Lib\asyncio\runners.py", line 132, in run
    raise KeyboardInterrupt()
KeyboardInterrupt

During handling of the above exception, another exception occurred:

Traceback (most recent call last):
  File "C:\Users\candidato\Downloads\student_prompt_logger\.venv\Lib\site-packages\starlette\routing.py", line 701, in lifespan
    await receive()
  File "C:\Users\candidato\Downloads\student_prompt_logger\.venv\Lib\site-packages\uvicorn\lifespan\on.py", line 137, in receive
    return await self.receive_queue.get()
           ^^^^^^^^^^^^^^^^^^^^^^^^^^^^^^
  File "C:\Users\candidato\AppData\Local\Python\pythoncore-3.14-64\Lib\asyncio\queues.py", line 186, in get
    await getter
asyncio.exceptions.CancelledError

2025-11-21 15:52:18,770 - INFO - Started server process [3804]
2025-11-21 15:52:18,770 - INFO - Waiting for application startup.
2025-11-21 15:52:18,770 - INFO - Application startup complete.
2025-11-21 15:52:22,549 - INFO - Shutting down
2025-11-21 15:52:22,660 - INFO - Waiting for application shutdown.
2025-11-21 15:52:22,660 - INFO - Application shutdown complete.
2025-11-21 15:52:22,660 - INFO - Finished server process [3804]
2025-11-21 15:52:23,573 - INFO - Started server process [17084]
2025-11-21 15:52:23,573 - INFO - Waiting for application startup.
2025-11-21 15:52:23,573 - INFO - Application startup complete.
2025-11-21 15:52:26,397 - INFO - Shutting down
2025-11-21 15:52:26,507 - INFO - Waiting for application shutdown.
2025-11-21 15:52:26,507 - INFO - Application shutdown complete.
2025-11-21 15:52:26,508 - INFO - Finished server process [17084]
2025-11-21 15:52:27,577 - INFO - Started server process [12456]
2025-11-21 15:52:27,577 - INFO - Waiting for application startup.
2025-11-21 15:52:27,578 - INFO - Application startup complete.
2025-11-21 15:52:31,252 - INFO - Shutting down
2025-11-21 15:52:31,362 - INFO - Waiting for application shutdown.
2025-11-21 15:52:31,362 - INFO - Application shutdown complete.
2025-11-21 15:52:31,362 - INFO - Finished server process [12456]
2025-11-21 15:52:33,809 - INFO - Started server process [12784]
2025-11-21 15:52:33,809 - INFO - Waiting for application startup.
2025-11-21 15:52:33,810 - INFO - Application startup complete.
2025-11-21 15:52:43,401 - INFO - Shutting down
2025-11-21 15:52:43,510 - INFO - Waiting for application shutdown.
2025-11-21 15:52:43,510 - INFO - Application shutdown complete.
2025-11-21 15:52:43,510 - INFO - Finished server process [12784]
2025-11-21 15:52:44,408 - INFO - Started server process [12252]
2025-11-21 15:52:44,408 - INFO - Waiting for application startup.
2025-11-21 15:52:44,408 - INFO - Application startup complete.
2025-11-21 15:52:55,668 - INFO - Shutting down
2025-11-21 15:52:55,778 - INFO - Waiting for application shutdown.
2025-11-21 15:52:55,780 - INFO - Application shutdown complete.
2025-11-21 15:52:55,782 - INFO - Finished server process [12252]
2025-11-21 15:52:57,617 - INFO - Started server process [6236]
2025-11-21 15:52:57,618 - INFO - Waiting for application startup.
2025-11-21 15:52:57,618 - INFO - Application startup complete.
2025-11-21 15:52:59,623 - INFO - 127.0.0.1:58738 - "GET /history HTTP/1.1" 200
2025-11-21 15:53:45,177 - INFO - Shutting down
2025-11-21 15:53:45,287 - INFO - Waiting for application shutdown.
2025-11-21 15:53:45,287 - INFO - Application shutdown complete.
2025-11-21 15:53:45,287 - INFO - Finished server process [6236]
2025-11-21 15:53:46,258 - INFO - Started server process [11612]
2025-11-21 15:53:46,259 - INFO - Waiting for application startup.
2025-11-21 15:53:46,259 - INFO - Application startup complete.
2025-11-21 15:53:50,863 - INFO - 127.0.0.1:58808 - "GET /history HTTP/1.1" 200
2025-11-21 15:54:38,349 - INFO - Shutting down
2025-11-21 15:54:38,457 - INFO - Waiting for application shutdown.
2025-11-21 15:54:38,458 - INFO - Application shutdown complete.
2025-11-21 15:54:38,458 - INFO - Finished server process [11612]
2025-11-21 15:54:39,364 - INFO - Started server process [18860]
2025-11-21 15:54:39,364 - INFO - Waiting for application startup.
2025-11-21 15:54:39,365 - INFO - Application startup complete.
2025-11-21 15:54:44,094 - INFO - 127.0.0.1:58824 - "GET /history HTTP/1.1" 200
2025-11-21 15:55:11,973 - INFO - Shutting down
2025-11-21 15:55:12,084 - INFO - Waiting for application shutdown.
2025-11-21 15:55:12,084 - INFO - Application shutdown complete.
2025-11-21 15:55:12,085 - INFO - Finished server process [18860]
2025-11-21 15:55:12,943 - INFO - Started server process [2836]
2025-11-21 15:55:12,944 - INFO - Waiting for application startup.
2025-11-21 15:55:12,944 - INFO - Application startup complete.
2025-11-21 15:55:14,954 - INFO - Shutting down
2025-11-21 15:55:15,063 - INFO - Waiting for application shutdown.
2025-11-21 15:55:15,063 - INFO - Application shutdown complete.
2025-11-21 15:55:15,064 - INFO - Finished server process [2836]
2025-11-21 15:55:16,140 - INFO - Started server process [1388]
2025-11-21 15:55:16,141 - INFO - Waiting for application startup.
2025-11-21 15:55:16,141 - INFO - Application startup complete.
2025-11-21 15:55:21,224 - INFO - Shutting down
2025-11-21 15:55:21,335 - INFO - Waiting for application shutdown.
2025-11-21 15:55:21,335 - INFO - Application shutdown complete.
2025-11-21 15:55:21,336 - INFO - Finished server process [1388]
2025-11-21 15:55:24,211 - INFO - Started server process [17104]
2025-11-21 15:55:24,212 - INFO - Waiting for application startup.
2025-11-21 15:55:24,212 - INFO - Application startup complete.
2025-11-21 15:55:32,492 - INFO - Shutting down
2025-11-21 15:55:32,604 - INFO - Waiting for application shutdown.
2025-11-21 15:55:32,605 - INFO - Application shutdown complete.
2025-11-21 15:55:32,605 - INFO - Finished server process [17104]
2025-11-21 15:55:33,439 - INFO - Started server process [18724]
2025-11-21 15:55:33,439 - INFO - Waiting for application startup.
2025-11-21 15:55:33,440 - INFO - Application startup complete.
2025-11-21 15:55:49,617 - INFO - Shutting down
2025-11-21 15:55:49,726 - INFO - Waiting for application shutdown.
2025-11-21 15:55:49,727 - INFO - Application shutdown complete.
2025-11-21 15:55:49,727 - INFO - Finished server process [18724]
2025-11-21 15:55:50,556 - INFO - Started server process [11068]
2025-11-21 15:55:50,556 - INFO - Waiting for application startup.
2025-11-21 15:55:50,556 - INFO - Application startup complete.
2025-11-21 15:55:54,319 - INFO - Shutting down
2025-11-21 15:55:54,429 - INFO - Waiting for application shutdown.
2025-11-21 15:55:54,429 - INFO - Application shutdown complete.
2025-11-21 15:55:54,429 - INFO - Finished server process [11068]
2025-11-21 15:56:04,558 - INFO - Started server process [11056]
2025-11-21 15:56:04,558 - INFO - Waiting for application startup.
2025-11-21 15:56:04,559 - INFO - Application startup complete.
2025-11-21 15:56:07,120 - INFO - Shutting down
2025-11-21 15:56:07,228 - INFO - Waiting for application shutdown.
2025-11-21 15:56:07,229 - INFO - Application shutdown complete.
2025-11-21 15:56:07,230 - INFO - Finished server process [11056]
2025-11-21 15:56:08,145 - INFO - Started server process [12004]
2025-11-21 15:56:08,145 - INFO - Waiting for application startup.
2025-11-21 15:56:08,146 - INFO - Application startup complete.
2025-11-21 15:56:15,566 - INFO - 127.0.0.1:58886 - "GET /history HTTP/1.1" 200
2025-11-21 15:56:37,425 - INFO - 127.0.0.1:58887 - "GET /history HTTP/1.1" 200
2025-11-21 15:57:42,479 - INFO - Shutting down
2025-11-21 15:57:42,589 - INFO - Waiting for application shutdown.
2025-11-21 15:57:42,590 - INFO - Application shutdown complete.
2025-11-21 15:57:42,590 - INFO - Finished server process [12004]
2025-11-21 15:57:43,900 - INFO - Started server process [6124]
2025-11-21 15:57:43,900 - INFO - Waiting for application startup.
2025-11-21 15:57:43,900 - INFO - Application startup complete.
2025-11-21 15:57:46,329 - INFO - Shutting down
2025-11-21 15:57:46,437 - INFO - Waiting for application shutdown.
2025-11-21 15:57:46,438 - INFO - Application shutdown complete.
2025-11-21 15:57:46,439 - INFO - Finished server process [6124]
2025-11-21 15:57:47,280 - INFO - Started server process [18784]
2025-11-21 15:57:47,280 - INFO - Waiting for application startup.
2025-11-21 15:57:47,280 - INFO - Application startup complete.
2025-11-21 16:04:47,008 - INFO - 127.0.0.1:59042 - "GET /history HTTP/1.1" 200
2025-11-21 16:04:56,610 - INFO - 127.0.0.1:59043 - "GET /history HTTP/1.1" 200
2025-11-21 16:07:34,042 - INFO - 127.0.0.1:59174 - "GET /generate HTTP/1.1" 405
2025-11-21 16:07:46,835 - INFO - 127.0.0.1:59175 - "POST /generate?prompt=test HTTP/1.1" 200
2025-11-21 16:08:47,078 - INFO - Shutting down
2025-11-21 16:08:47,189 - INFO - Waiting for application shutdown.
2025-11-21 16:08:47,190 - INFO - Application shutdown complete.
2025-11-21 16:08:47,190 - INFO - Finished server process [18784]
2025-11-21 16:08:49,561 - INFO - Started server process [16820]
2025-11-21 16:08:49,562 - INFO - Waiting for application startup.
2025-11-21 16:08:49,562 - INFO - Application startup complete.
2025-11-21 16:09:10,079 - INFO - 127.0.0.1:59220 - "GET /history HTTP/1.1" 200
2025-11-21 16:09:27,280 - INFO - Shutting down
2025-11-21 16:09:27,389 - INFO - Waiting for application shutdown.
2025-11-21 16:09:27,389 - INFO - Application shutdown complete.
2025-11-21 16:09:27,389 - INFO - Finished server process [16820]
2025-11-21 16:09:28,334 - INFO - Started server process [13752]
2025-11-21 16:09:28,334 - INFO - Waiting for application startup.
2025-11-21 16:09:28,335 - INFO - Application startup complete.
2025-11-21 16:09:28,946 - INFO - Shutting down
2025-11-21 16:09:29,054 - INFO - Waiting for application shutdown.
2025-11-21 16:09:29,055 - INFO - Application shutdown complete.
2025-11-21 16:09:29,055 - INFO - Finished server process [13752]
2025-11-21 16:09:33,199 - INFO - Started server process [6888]
2025-11-21 16:09:33,199 - INFO - Waiting for application startup.
2025-11-21 16:09:33,199 - INFO - Application startup complete.
2025-11-21 16:09:34,231 - INFO - Shutting down
2025-11-21 16:09:34,340 - INFO - Waiting for application shutdown.
2025-11-21 16:09:34,340 - INFO - Application shutdown complete.
2025-11-21 16:09:34,341 - INFO - Finished server process [6888]
2025-11-21 16:09:35,263 - INFO - Started server process [13584]
2025-11-21 16:09:35,264 - INFO - Waiting for application startup.
2025-11-21 16:09:35,264 - INFO - Application startup complete.
2025-11-21 16:09:43,338 - INFO - 127.0.0.1:59239 - "GET /history HTTP/1.1" 200
2025-11-21 16:09:58,537 - INFO - Shutting down
2025-11-21 16:09:58,646 - INFO - Waiting for application shutdown.
2025-11-21 16:09:58,646 - INFO - Application shutdown complete.
2025-11-21 16:09:58,646 - INFO - Finished server process [13584]
2025-11-21 16:09:59,809 - INFO - Started server process [13672]
2025-11-21 16:09:59,809 - INFO - Waiting for application startup.
2025-11-21 16:09:59,809 - INFO - Application startup complete.
2025-11-21 16:10:34,419 - INFO - Shutting down
2025-11-21 16:10:34,529 - INFO - Waiting for application shutdown.
2025-11-21 16:10:34,529 - INFO - Application shutdown complete.
2025-11-21 16:10:34,529 - INFO - Finished server process [13672]
2025-11-21 16:10:35,593 - INFO - Started server process [932]
2025-11-21 16:10:35,594 - INFO - Waiting for application startup.
2025-11-21 16:10:35,594 - INFO - Application startup complete.
2025-11-21 16:10:41,102 - INFO - 127.0.0.1:59266 - "GET /history HTTP/1.1" 200
2025-11-21 16:10:48,320 - INFO - Shutting down
2025-11-21 16:10:48,428 - INFO - Waiting for application shutdown.
2025-11-21 16:10:48,428 - INFO - Application shutdown complete.
2025-11-21 16:10:48,429 - INFO - Finished server process [932]
2025-11-21 16:10:51,444 - INFO - Started server process [12908]
2025-11-21 16:10:51,444 - INFO - Waiting for application startup.
2025-11-21 16:10:51,444 - INFO - Application startup complete.
2025-11-21 16:11:48,096 - INFO - Shutting down
2025-11-21 16:11:48,204 - INFO - Waiting for application shutdown.
2025-11-21 16:11:48,204 - INFO - Application shutdown complete.
2025-11-21 16:11:48,204 - INFO - Finished server process [12908]
2025-11-21 16:11:49,310 - INFO - Started server process [16252]
2025-11-21 16:11:49,311 - INFO - Waiting for application startup.
2025-11-21 16:11:49,311 - INFO - Application startup complete.
2025-11-21 16:11:50,337 - INFO - Shutting down
2025-11-21 16:11:50,448 - INFO - Waiting for application shutdown.
2025-11-21 16:11:50,448 - INFO - Application shutdown complete.
2025-11-21 16:11:50,448 - INFO - Finished server process [16252]
2025-11-21 16:11:51,362 - INFO - Started server process [18168]
2025-11-21 16:11:51,362 - INFO - Waiting for application startup.
2025-11-21 16:11:51,363 - INFO - Application startup complete.
2025-11-21 16:12:25,127 - INFO - Shutting down
2025-11-21 16:12:25,237 - INFO - Waiting for application shutdown.
2025-11-21 16:12:25,238 - INFO - Application shutdown complete.
2025-11-21 16:12:25,238 - INFO - Finished server process [18168]
2025-11-21 16:12:26,109 - INFO - Started server process [11240]
2025-11-21 16:12:26,109 - INFO - Waiting for application startup.
2025-11-21 16:12:26,109 - INFO - Application startup complete.
2025-11-21 16:12:37,251 - INFO - Shutting down
2025-11-21 16:12:37,362 - INFO - Waiting for application shutdown.
2025-11-21 16:12:37,363 - INFO - Application shutdown complete.
2025-11-21 16:12:37,363 - INFO - Finished server process [11240]
2025-11-21 16:12:38,299 - INFO - Started server process [16944]
2025-11-21 16:12:38,299 - INFO - Waiting for application startup.
2025-11-21 16:12:38,300 - INFO - Application startup complete.
2025-11-21 16:12:39,984 - INFO - Shutting down
2025-11-21 16:12:40,094 - INFO - Waiting for application shutdown.
2025-11-21 16:12:40,094 - INFO - Application shutdown complete.
2025-11-21 16:12:40,094 - INFO - Finished server process [16944]
2025-11-21 16:12:41,072 - INFO - Started server process [16852]
2025-11-21 16:12:41,072 - INFO - Waiting for application startup.
2025-11-21 16:12:41,073 - INFO - Application startup complete.
2025-11-21 16:12:41,556 - INFO - Shutting down
2025-11-21 16:12:41,666 - INFO - Waiting for application shutdown.
2025-11-21 16:12:41,667 - INFO - Application shutdown complete.
2025-11-21 16:12:41,667 - INFO - Finished server process [16852]
2025-11-21 16:12:42,632 - INFO - Started server process [5420]
2025-11-21 16:12:42,633 - INFO - Waiting for application startup.
2025-11-21 16:12:42,635 - INFO - Application startup complete.
2025-11-21 16:12:51,049 - INFO - Shutting down
2025-11-21 16:12:51,158 - INFO - Waiting for application shutdown.
2025-11-21 16:12:51,158 - INFO - Application shutdown complete.
2025-11-21 16:12:51,158 - INFO - Finished server process [5420]
2025-11-21 16:13:05,049 - INFO - Started server process [15620]
2025-11-21 16:13:05,049 - INFO - Waiting for application startup.
2025-11-21 16:13:05,049 - INFO - Application startup complete.
2025-11-21 16:14:46,022 - INFO - Shutting down
2025-11-21 16:14:46,130 - INFO - Waiting for application shutdown.
2025-11-21 16:14:46,130 - INFO - Application shutdown complete.
2025-11-21 16:14:46,131 - INFO - Finished server process [15620]
2025-11-21 16:14:46,991 - INFO - Started server process [8312]
2025-11-21 16:14:46,991 - INFO - Waiting for application startup.
2025-11-21 16:14:46,991 - INFO - Application startup complete.
2025-11-21 16:15:00,726 - INFO - Shutting down
2025-11-21 16:15:00,836 - INFO - Waiting for application shutdown.
2025-11-21 16:15:00,837 - INFO - Application shutdown complete.
2025-11-21 16:15:00,837 - INFO - Finished server process [8312]
2025-11-21 16:15:03,651 - INFO - Started server process [12940]
2025-11-21 16:15:03,652 - INFO - Waiting for application startup.
2025-11-21 16:15:03,652 - INFO - Application startup complete.
2025-11-21 16:16:15,119 - INFO - Shutting down
2025-11-21 16:16:15,230 - INFO - Waiting for application shutdown.
2025-11-21 16:16:15,230 - INFO - Application shutdown complete.
2025-11-21 16:16:15,231 - INFO - Finished server process [12940]
2025-11-21 16:16:45,567 - INFO - Started server process [14688]
2025-11-21 16:16:45,568 - INFO - Waiting for application startup.
2025-11-21 16:16:45,568 - INFO - Application startup complete.
2025-11-21 16:16:51,553 - INFO - Shutting down
2025-11-21 16:16:51,663 - INFO - Waiting for application shutdown.
2025-11-21 16:16:51,664 - INFO - Application shutdown complete.
2025-11-21 16:16:51,664 - INFO - Finished server process [14688]
2025-11-21 16:16:54,372 - INFO - Started server process [11192]
2025-11-21 16:16:54,372 - INFO - Waiting for application startup.
2025-11-21 16:16:54,372 - INFO - Application startup complete.
2025-11-21 16:16:54,438 - ERROR - Traceback (most recent call last):
  File "C:\Users\candidato\AppData\Local\Python\pythoncore-3.14-64\Lib\asyncio\runners.py", line 127, in run
    return self._loop.run_until_complete(task)
           ~~~~~~~~~~~~~~~~~~~~~~~~~~~~~^^^^^^
  File "C:\Users\candidato\AppData\Local\Python\pythoncore-3.14-64\Lib\asyncio\base_events.py", line 719, in run_until_complete
    return future.result()
           ~~~~~~~~~~~~~^^
asyncio.exceptions.CancelledError

During handling of the above exception, another exception occurred:

Traceback (most recent call last):
  File "C:\Users\candidato\AppData\Local\Python\pythoncore-3.14-64\Lib\asyncio\runners.py", line 204, in run
    return runner.run(main)
           ~~~~~~~~~~^^^^^^
  File "C:\Users\candidato\AppData\Local\Python\pythoncore-3.14-64\Lib\asyncio\runners.py", line 132, in run
    raise KeyboardInterrupt()
KeyboardInterrupt

During handling of the above exception, another exception occurred:

Traceback (most recent call last):
  File "C:\Users\candidato\Downloads\student_prompt_logger\.venv\Lib\site-packages\starlette\routing.py", line 701, in lifespan
    await receive()
  File "C:\Users\candidato\Downloads\student_prompt_logger\.venv\Lib\site-packages\uvicorn\lifespan\on.py", line 137, in receive
    return await self.receive_queue.get()
           ^^^^^^^^^^^^^^^^^^^^^^^^^^^^^^
  File "C:\Users\candidato\AppData\Local\Python\pythoncore-3.14-64\Lib\asyncio\queues.py", line 186, in get
    await getter
asyncio.exceptions.CancelledError

2025-11-21 16:16:56,017 - INFO - Started server process [18620]
2025-11-21 16:16:56,017 - INFO - Waiting for application startup.
2025-11-21 16:16:56,018 - INFO - Application startup complete.
2025-11-21 16:17:25,590 - INFO - Shutting down
2025-11-21 16:17:25,699 - INFO - Waiting for application shutdown.
2025-11-21 16:17:25,701 - INFO - Application shutdown complete.
2025-11-21 16:17:25,702 - INFO - Finished server process [18620]
2025-11-21 16:17:30,371 - INFO - Started server process [1816]
2025-11-21 16:17:30,372 - INFO - Waiting for application startup.
2025-11-21 16:17:30,372 - INFO - Application startup complete.
2025-11-21 16:17:49,427 - INFO - Shutting down
2025-11-21 16:17:49,536 - INFO - Waiting for application shutdown.
2025-11-21 16:17:49,537 - INFO - Application shutdown complete.
2025-11-21 16:17:49,537 - INFO - Finished server process [1816]
2025-11-21 16:18:13,351 - INFO - Started server process [7908]
2025-11-21 16:18:13,352 - INFO - Waiting for application startup.
2025-11-21 16:18:13,352 - INFO - Application startup complete.
2025-11-21 16:18:18,221 - INFO - Shutting down
2025-11-21 16:18:18,331 - INFO - Waiting for application shutdown.
2025-11-21 16:18:18,331 - INFO - Application shutdown complete.
2025-11-21 16:18:18,332 - INFO - Finished server process [7908]
2025-11-21 16:18:19,133 - INFO - Started server process [16752]
2025-11-21 16:18:19,133 - INFO - Waiting for application startup.
2025-11-21 16:18:19,134 - INFO - Application startup complete.
2025-11-21 16:18:48,508 - INFO - Shutting down
2025-11-21 16:18:48,615 - INFO - Waiting for application shutdown.
2025-11-21 16:18:48,615 - INFO - Application shutdown complete.
2025-11-21 16:18:48,615 - INFO - Finished server process [16752]
2025-11-21 16:18:49,682 - INFO - Started server process [16564]
2025-11-21 16:18:49,682 - INFO - Waiting for application startup.
2025-11-21 16:18:49,682 - INFO - Application startup complete.
2025-11-21 16:18:50,602 - INFO - Shutting down
2025-11-21 16:18:50,710 - INFO - Waiting for application shutdown.
2025-11-21 16:18:50,711 - INFO - Application shutdown complete.
2025-11-21 16:18:50,711 - INFO - Finished server process [16564]
2025-11-21 16:18:51,640 - INFO - Started server process [7336]
2025-11-21 16:18:51,640 - INFO - Waiting for application startup.
2025-11-21 16:18:51,640 - INFO - Application startup complete.
2025-11-21 16:18:54,206 - INFO - Shutting down
2025-11-21 16:18:54,317 - INFO - Waiting for application shutdown.
2025-11-21 16:18:54,317 - INFO - Application shutdown complete.
2025-11-21 16:18:54,317 - INFO - Finished server process [7336]
2025-11-21 16:42:21,251 - ERROR - No module named 'dotenv'
2025-11-21 16:42:21,252 - WARNING -  Set GOOGLE_API_KEY in your environment to run live calls.
2025-11-21 16:42:21,252 - WARNING -  Set GOOGLE_API_KEY in your environment to run live calls.
2025-11-21 16:42:21,252 - INFO - Creating GeminiLLM
2025-11-21 16:43:37,420 - INFO -  GOOGLE_API_KEY is set.
2025-11-21 16:43:37,420 - WARNING -  Set GOOGLE_API_KEY in your environment to run live calls.
2025-11-21 16:43:37,420 - INFO - Creating GeminiLLM
2025-11-21 16:43:38,845 - INFO - AFC is enabled with max remote calls: 10.
2025-11-21 16:43:40,103 - INFO - HTTP Request: POST https://generativelanguage.googleapis.com/v1beta/models/gemini-2.5-flash:generateContent "HTTP/1.1 200 OK"
2025-11-21 16:44:45,577 - INFO - Creating OpenAILLM
2025-11-21 16:46:00,172 - INFO -  GOOGLE_API_KEY is set.
2025-11-21 16:46:00,173 - INFO - Creating OpenAILLM
2025-11-21 16:46:03,958 - INFO - HTTP Request: POST https://api.openai.com/v1/chat/completions "HTTP/1.1 200 OK"
2025-11-21 16:50:30,511 - INFO -  GOOGLE_API_KEY is set.
2025-11-21 16:50:30,512 - INFO -  OPENAI_API_KEY is set.
2025-11-21 16:50:30,513 - INFO - Creating MockLLM
2025-11-21 16:50:47,670 - INFO - Creating OpenAILLMAsync
2025-11-21 16:51:33,462 - INFO -  GOOGLE_API_KEY is set.
2025-11-21 16:51:33,462 - INFO -  OPENAI_API_KEY is set.
2025-11-21 16:51:33,462 - INFO - Creating OpenAILLMAsync
2025-11-21 16:54:02,779 - ERROR - 
2025-11-21 16:54:09,868 - ERROR - No database found
2025-11-21 16:54:12,075 - ERROR - No database found.
2025-11-21 16:54:20,785 - ERROR - No database found.
2025-11-21 16:54:27,360 - ERROR - No database found.
2025-11-21 16:55:12,001 - ERROR - No database found.
2025-11-21 16:55:15,702 - ERROR - No database found.
